<?xml version="1.0" encoding="UTF-8"?>
<testng-results ignored="0" total="1" passed="1" failed="0" skipped="0">
  <reporter-output>
  </reporter-output>
  <suite started-at="2022-07-30T18:11:36 IST" name="Suite" finished-at="2022-07-30T18:11:37 IST" duration-ms="97">
    <groups>
    </groups>
    <test started-at="2022-07-30T18:11:36 IST" name="Test" finished-at="2022-07-30T18:11:37 IST" duration-ms="97">
      <class name="azure.Az_Java.testnormal">
        <test-method signature="add()[pri:0, instance:azure.Az_Java.testnormal@654f0d9c]" started-at="2022-07-30T18:11:37 IST" name="add" finished-at="2022-07-30T18:11:37 IST" duration-ms="19" status="PASS">
          <reporter-output>
          </reporter-output>
        </test-method> <!-- add -->
      </class> <!-- azure.Az_Java.testnormal -->
    </test> <!-- Test -->
  </suite> <!-- Suite -->
</testng-results>
